<?xml version="1.0" encoding="UTF-8"?>
<!-- Generated by org.testng.reporters.JUnitReportReporter -->
<testsuite skipped="0" hostname="Rejoic-Dev-Dell" name="Scripts.TC1" tests="1" failures="0" timestamp="19 Oct 2018 11:07:54 GMT" time="58.332" errors="0">
  <testcase name="TC_Apply_Online" time="58.332" classname="Scripts.TC1"/>
</testsuite> <!-- Scripts.TC1 -->
